<?xml version="1.0" encoding="UTF-8"?>
<testng-results ignored="0" total="1" passed="1" failed="0" skipped="0">
  <reporter-output>
  </reporter-output>
  <suite started-at="2026-04-18T22:47:05 IST" name="Default suite" finished-at="2026-04-18T22:47:17 IST" duration-ms="11755">
    <groups>
    </groups>
    <test started-at="2026-04-18T22:47:05 IST" name="Default test" finished-at="2026-04-18T22:47:17 IST" duration-ms="11755">
      <class name="tests.E2ETest">
        <test-method is-config="true" signature="setup()[pri:0, instance:tests.E2ETest@61001b64]" started-at="2026-04-18T22:47:05 IST" name="setup" finished-at="2026-04-18T22:47:09 IST" duration-ms="3357" status="PASS">
          <reporter-output>
          </reporter-output>
        </test-method> <!-- setup -->
        <test-method signature="testFlow()[pri:0, instance:tests.E2ETest@61001b64]" started-at="2026-04-18T22:47:09 IST" name="testFlow" finished-at="2026-04-18T22:47:16 IST" duration-ms="7447" status="PASS">
          <reporter-output>
          </reporter-output>
        </test-method> <!-- testFlow -->
        <test-method is-config="true" signature="tearDown()[pri:0, instance:tests.E2ETest@61001b64]" started-at="2026-04-18T22:47:16 IST" name="tearDown" finished-at="2026-04-18T22:47:17 IST" duration-ms="842" status="PASS">
          <reporter-output>
          </reporter-output>
        </test-method> <!-- tearDown -->
      </class> <!-- tests.E2ETest -->
    </test> <!-- Default test -->
  </suite> <!-- Default suite -->
</testng-results>
